\BOOKMARK [0][-]{chapter.1}{\376\377\0001\000.\000\040\000S\000z\000e\000m\000\351\000l\000y\000a\000z\000o\000n\000o\000s\000\355\000t\000\341\000s\000\040\000f\000e\000j\000l\001\121\000d\000\351\000s\000e\000\040\000\351\000s\000\040\000d\000i\000g\000i\000t\000a\000l\000i\000z\000\341\000c\000i\000\363\000j\000a}{}% 1
\BOOKMARK [1][-]{section.1.1}{\376\377\0001\000.\0001\000.\000\040\000A\000\040\000s\000z\000e\000m\000\351\000l\000y\000i\000\040\000i\000g\000a\000z\000o\000l\000v\000\341\000n\000y\000o\000k\000\040\000t\000\366\000r\000t\000\351\000n\000e\000t\000e}{chapter.1}% 2
\BOOKMARK [1][-]{section.1.2}{\376\377\0001\000.\0002\000.\000\040\000A\000\040\000d\000i\000g\000i\000t\000\341\000l\000i\000s\000\040\000a\000z\000o\000n\000o\000s\000\355\000t\000\341\000s\000\040\000m\000e\000g\000j\000e\000l\000e\000n\000\351\000s\000e}{chapter.1}% 3
\BOOKMARK [1][-]{section.1.3}{\376\377\0001\000.\0003\000.\000\040\000A\000\040\000m\000o\000b\000i\000l\000t\000e\000c\000h\000n\000o\000l\000\363\000g\000i\000a\000\040\000\351\000s\000\040\000a\000z\000\040\000a\000z\000o\000n\000o\000s\000\355\000t\000\341\000s}{chapter.1}% 4
\BOOKMARK [1][-]{section.1.4}{\376\377\0001\000.\0004\000.\000\040\000A\000\040\000d\000i\000g\000i\000t\000a\000l\000i\000z\000\341\000c\000i\000\363\000\040\000j\000\366\000v\001\121\000j\000e\000\040\000a\000\040\000s\000z\000e\000m\000\351\000l\000y\000a\000z\000o\000n\000o\000s\000\355\000t\000\341\000s\000b\000a\000n}{chapter.1}% 5
\BOOKMARK [0][-]{chapter.2}{\376\377\0002\000.\000\040\000D\000i\000g\000i\000t\000\341\000l\000i\000s\000\040\000s\000z\000e\000m\000\351\000l\000y\000i\000\040\000i\000g\000a\000z\000o\000l\000v\000\341\000n\000y\000o\000k\000:\000\040\000E\000l\001\121\000n\000y\000\366\000k\000\040\000\351\000s\000\040\000k\000i\000h\000\355\000v\000\341\000s\000o\000k}{}% 6
\BOOKMARK [1][-]{section.2.1}{\376\377\0002\000.\0001\000.\000\040\000E\000l\001\121\000n\000y\000\366\000k}{chapter.2}% 7
\BOOKMARK [2][-]{subsection.2.1.1}{\376\377\0002\000.\0001\000.\0001\000.\000\040\000K\000\351\000n\000y\000e\000l\000e\000m\000\040\000\351\000s\000\040\000g\000y\000o\000r\000s\000a\000s\000\341\000g}{section.2.1}% 8
\BOOKMARK [2][-]{subsection.2.1.2}{\376\377\0002\000.\0001\000.\0002\000.\000\040\000B\000i\000z\000t\000o\000n\000s\000\341\000g\000\040\000\351\000s\000\040\000h\000i\000t\000e\000l\000e\000s\000s\000\351\000g}{section.2.1}% 9
\BOOKMARK [2][-]{subsection.2.1.3}{\376\377\0002\000.\0001\000.\0003\000.\000\040\000F\000e\000n\000n\000t\000a\000r\000t\000h\000a\000t\000\363\000s\000\341\000g\000\040\000\351\000s\000\040\000k\000\366\000l\000t\000s\000\351\000g\000h\000a\000t\000\351\000k\000o\000n\000y\000s\000\341\000g}{section.2.1}% 10
\BOOKMARK [1][-]{section.2.2}{\376\377\0002\000.\0002\000.\000\040\000K\000i\000h\000\355\000v\000\341\000s\000o\000k}{chapter.2}% 11
\BOOKMARK [2][-]{subsection.2.2.1}{\376\377\0002\000.\0002\000.\0001\000.\000\040\000A\000d\000a\000t\000v\000\351\000d\000e\000l\000e\000m\000\040\000\351\000s\000\040\000b\000i\000z\000t\000o\000n\000s\000\341\000g\000i\000\040\000k\000o\000c\000k\000\341\000z\000a\000t\000o\000k}{section.2.2}% 12
\BOOKMARK [2][-]{subsection.2.2.2}{\376\377\0002\000.\0002\000.\0002\000.\000\040\000H\000o\000z\000z\000\341\000f\000\351\000r\000h\000e\000t\001\121\000s\000\351\000g\000\040\000\351\000s\000\040\000t\000e\000c\000h\000n\000o\000l\000\363\000g\000i\000a\000i\000\040\000a\000k\000a\000d\000\341\000l\000y\000o\000k}{section.2.2}% 13
\BOOKMARK [2][-]{subsection.2.2.3}{\376\377\0002\000.\0002\000.\0003\000.\000\040\000J\000o\000g\000s\000z\000a\000b\000\341\000l\000y\000i\000\040\000\351\000s\000\040\000s\000z\000a\000b\000\341\000l\000y\000o\000z\000\341\000s\000i\000\040\000k\000\351\000r\000d\000\351\000s\000e\000k}{section.2.2}% 14
\BOOKMARK [0][-]{chapter.3}{\376\377\0003\000.\000\040\000A\000\040\000m\000e\000s\000t\000e\000r\000s\000\351\000g\000e\000s\000\040\000i\000n\000t\000e\000l\000l\000i\000g\000e\000n\000c\000i\000a\000\040\000s\000z\000e\000r\000e\000p\000e\000\040\000a\000z\000\040\000a\000d\000a\000t\000f\000e\000l\000d\000o\000l\000g\000o\000z\000\341\000s\000b\000a\000n}{}% 15
\BOOKMARK [1][-]{section.3.1}{\376\377\0003\000.\0001\000.\000\040\000M\000i\000\040\000a\000z\000\040\000a\000z\000\040\000O\000C\000R\000\040\000\050\000O\000p\000t\000i\000k\000a\000i\000\040\000k\000a\000r\000a\000k\000t\000e\000r\000f\000e\000l\000i\000s\000m\000e\000r\000\351\000s\000\051\000?}{chapter.3}% 16
\BOOKMARK [1][-]{section.3.2}{\376\377\0003\000.\0002\000.\000\040\000H\000o\000g\000y\000a\000n\000\040\000s\000e\000g\000\355\000t\000h\000e\000t\000\040\000a\000z\000\040\000M\000I\000\040\000a\000\040\000d\000o\000k\000u\000m\000e\000n\000t\000u\000m\000o\000k\000\040\000f\000e\000l\000d\000o\000l\000g\000o\000z\000\341\000s\000\341\000b\000a\000n\000?}{chapter.3}% 17
\BOOKMARK [1][-]{section.3.3}{\376\377\0003\000.\0003\000.\000\040\000A\000\040\000m\000e\000s\000t\000e\000r\000s\000\351\000g\000e\000s\000\040\000i\000n\000t\000e\000l\000l\000i\000g\000e\000n\000c\000i\000a\000\040\000j\000\366\000v\001\121\000j\000e\000\040\000a\000z\000\040\000a\000d\000a\000t\000f\000e\000l\000d\000o\000l\000g\000o\000z\000\341\000s\000b\000a\000n}{chapter.3}% 18
\BOOKMARK [0][-]{chapter.4}{\376\377\0004\000.\000\040\000B\000a\000c\000k\000e\000n\000d\000\040\000\351\000s\000\040\000A\000d\000a\000t\000b\000\341\000z\000i\000s\000:\000\040\000H\000o\000g\000y\000a\000n\000\040\000M\001\161\000k\000\366\000d\000i\000k\000\040\000a\000\040\000D\000i\000g\000i\000t\000\341\000l\000i\000s\000\040\000A\000d\000a\000t\000t\000\341\000r\000o\000l\000\341\000s\000?}{}% 19
\BOOKMARK [1][-]{section.4.1}{\376\377\0004\000.\0001\000.\000\040\000M\000i\000\040\000a\000z\000\040\000a\000\040\000b\000a\000c\000k\000e\000n\000d\000\040\000\351\000s\000\040\000m\000i\000\351\000r\000t\000\040\000v\000a\000n\000\040\000r\000\341\000\040\000s\000z\000\374\000k\000s\000\351\000g\000?}{chapter.4}% 20
\BOOKMARK [1][-]{section.4.2}{\376\377\0004\000.\0002\000.\000\040\000M\000i\000\040\000a\000z\000\040\000a\000d\000a\000t\000b\000\341\000z\000i\000s\000\040\000\351\000s\000\040\000h\000o\000g\000y\000a\000n\000\040\000t\000\341\000r\000o\000l\000j\000a\000\040\000a\000z\000\040\000a\000d\000a\000t\000o\000k\000a\000t\000?}{chapter.4}% 21
\BOOKMARK [1][-]{section.4.3}{\376\377\0004\000.\0003\000.\000\040\000A\000\040\000b\000a\000c\000k\000e\000n\000d\000\040\000\351\000s\000\040\000a\000z\000\040\000a\000d\000a\000t\000b\000\341\000z\000i\000s\000\040\000k\000a\000p\000c\000s\000o\000l\000a\000t\000a}{chapter.4}% 22
\BOOKMARK [1][-]{section.4.4}{\376\377\0004\000.\0004\000.\000\040\000B\000i\000z\000t\000o\000n\000s\000\341\000g\000\040\000\351\000s\000\040\000a\000d\000a\000t\000v\000\351\000d\000e\000l\000e\000m}{chapter.4}% 23
\BOOKMARK [0][-]{chapter.5}{\376\377\0005\000.\000\040\000F\000r\000o\000n\000t\000e\000n\000d\000:\000\040\000H\000o\000g\000y\000a\000n\000\040\000T\000a\000l\000\341\000l\000k\000o\000z\000i\000k\000\040\000a\000\040\000F\000e\000l\000h\000a\000s\000z\000n\000\341\000l\000\363\000\040\000a\000z\000\040\000A\000l\000k\000a\000l\000m\000a\000z\000\341\000s\000s\000a\000l\000?}{}% 24
\BOOKMARK [1][-]{section.5.1}{\376\377\0005\000.\0001\000.\000\040\000A\000\040\000f\000r\000o\000n\000t\000e\000n\000d\000\040\000s\000z\000e\000r\000e\000p\000e\000\040\000a\000\040\000d\000i\000g\000i\000t\000\341\000l\000i\000s\000\040\000r\000e\000n\000d\000s\000z\000e\000r\000e\000k\000b\000e\000n}{chapter.5}% 25
\BOOKMARK [1][-]{section.5.2}{\376\377\0005\000.\0002\000.\000\040\000A\000\040\000f\000r\000o\000n\000t\000e\000n\000d\000\040\000t\000e\000c\000h\000n\000o\000l\000\363\000g\000i\000a\000i\000\040\000a\000l\000a\000p\000j\000a\000i}{chapter.5}% 26
\BOOKMARK [1][-]{section.5.3}{\376\377\0005\000.\0003\000.\000\040\000H\000o\000g\000y\000a\000n\000\040\000m\001\161\000k\000\366\000d\000i\000k\000\040\000a\000\040\000f\000r\000o\000n\000t\000e\000n\000d\000\040\000\351\000s\000\040\000a\000\040\000b\000a\000c\000k\000e\000n\000d\000\040\000e\000g\000y\000\374\000t\000t\000?}{chapter.5}% 27
\BOOKMARK [1][-]{section.5.4}{\376\377\0005\000.\0004\000.\000\040\000A\000\040\000f\000e\000l\000h\000a\000s\000z\000n\000\341\000l\000\363\000i\000\040\000\351\000l\000m\000\351\000n\000y\000\040\000\351\000s\000\040\000a\000\040\000d\000i\000z\000\341\000j\000n\000\040\000s\000z\000e\000r\000e\000p\000e}{chapter.5}% 28
\BOOKMARK [0][-]{chapter.6}{\376\377\0006\000.\000\040\000B\000a\000c\000k\000e\000n\000d\000\040\000f\000e\000j\000l\000e\000s\000z\000t\000\351\000s\000e\000\040\000N\000o\000d\000e\000.\000j\000s\000\040\000s\000e\000g\000\355\000t\000s\000\351\000g\000\351\000v\000e\000l}{}% 29
\BOOKMARK [1][-]{section.6.1}{\376\377\0006\000.\0001\000.\000\040\000A\000\040\000N\000o\000d\000e\000.\000j\000s\000\040\000a\000l\000a\000p\000j\000a\000i\000\040\000\351\000s\000\040\000m\001\161\000k\000\366\000d\000\351\000s\000i\000\040\000m\000o\000d\000e\000l\000l\000j\000e}{chapter.6}% 30
\BOOKMARK [1][-]{section.6.2}{\376\377\0006\000.\0002\000.\000\040\000A\000\040\000N\000o\000d\000e\000.\000j\000s\000\040\000e\000l\001\121\000n\000y\000e\000i\000\040\000\351\000s\000\040\000k\000i\000h\000\355\000v\000\341\000s\000a\000i}{chapter.6}% 31
\BOOKMARK [1][-]{section.6.3}{\376\377\0006\000.\0003\000.\000\040\000B\000a\000c\000k\000e\000n\000d\000\040\000f\000e\000j\000l\000e\000s\000z\000t\000\351\000s\000\040\000E\000x\000p\000r\000e\000s\000s\000.\000j\000s\000\040\000s\000e\000g\000\355\000t\000s\000\351\000g\000\351\000v\000e\000l}{chapter.6}% 32
\BOOKMARK [1][-]{section.6.4}{\376\377\0006\000.\0004\000.\000\040\000A\000d\000a\000t\000b\000\341\000z\000i\000s\000-\000k\000e\000z\000e\000l\000\351\000s\000\040\000N\000o\000d\000e\000.\000j\000s\000-\000b\000e\000n}{chapter.6}% 33
